2021-04-25 17:24:08.115 [INFO ] com.cmbc.controller.Application - Starting Application on SS-20200319LSDO with PID 14676 (D:\code\back_codes\git_program\date_convert\target\classes started by Administrator in D:\code\back_codes\git_program\date_convert)
2021-04-25 17:24:08.116 [INFO ] com.cmbc.controller.Application - The following profiles are active: dev
2021-04-25 17:24:08.468 [INFO ] org.springframework.boot.devtools.env.DevToolsPropertyDefaultsPostProcessor - Devtools property defaults active! Set 'spring.devtools.add-properties' to 'false' to disable
2021-04-25 17:24:08.469 [INFO ] org.springframework.boot.devtools.env.DevToolsPropertyDefaultsPostProcessor - For additional web related logging consider setting the 'logging.level.web' property to 'DEBUG'
2021-04-25 17:24:12.483 [INFO ] org.springframework.boot.web.embedded.tomcat.TomcatWebServer - Tomcat initialized with port(s): 8085 (http)
2021-04-25 17:24:12.506 [INFO ] org.apache.coyote.http11.Http11NioProtocol - Initializing ProtocolHandler ["http-nio-8085"]
2021-04-25 17:24:12.508 [INFO ] org.apache.catalina.core.StandardService - Starting service [Tomcat]
2021-04-25 17:24:12.508 [INFO ] org.apache.catalina.core.StandardEngine - Starting Servlet engine: [Apache Tomcat/9.0.31]
2021-04-25 17:24:12.740 [INFO ] org.apache.catalina.core.ContainerBase.[Tomcat].[localhost].[/] - Initializing Spring embedded WebApplicationContext
2021-04-25 17:24:12.741 [INFO ] org.springframework.web.context.ContextLoader - Root WebApplicationContext: initialization completed in 4271 ms
2021-04-25 17:24:13.522 [INFO ] org.springframework.scheduling.concurrent.ThreadPoolTaskExecutor - Initializing ExecutorService 'applicationTaskExecutor'
2021-04-25 17:24:13.990 [INFO ] org.springframework.boot.devtools.autoconfigure.OptionalLiveReloadServer - LiveReload server is running on port 35729
2021-04-25 17:24:14.109 [INFO ] org.apache.coyote.http11.Http11NioProtocol - Starting ProtocolHandler ["http-nio-8085"]
2021-04-25 17:24:14.185 [INFO ] org.springframework.boot.web.embedded.tomcat.TomcatWebServer - Tomcat started on port(s): 8085 (http) with context path ''
2021-04-25 17:24:14.200 [INFO ] com.cmbc.controller.Application - Started Application in 8.655 seconds (JVM running for 16.655)
2021-04-25 17:26:10.906 [INFO ] org.apache.catalina.core.ContainerBase.[Tomcat].[localhost].[/] - Initializing Spring DispatcherServlet 'dispatcherServlet'
2021-04-25 17:26:10.906 [INFO ] org.springframework.web.servlet.DispatcherServlet - Initializing Servlet 'dispatcherServlet'
2021-04-25 17:26:10.930 [INFO ] org.springframework.web.servlet.DispatcherServlet - Completed initialization in 24 ms
2021-04-25 22:12:26.827 [INFO ] com.cmbc.controller.Application - Starting Application on DESKTOP-M6H55N3 with PID 15764 (D:\git_program\date_convert\target\classes started by chaof in D:\git_program\date_convert)
2021-04-25 22:12:26.828 [INFO ] com.cmbc.controller.Application - The following profiles are active: dev
2021-04-25 22:12:26.869 [INFO ] org.springframework.boot.devtools.env.DevToolsPropertyDefaultsPostProcessor - Devtools property defaults active! Set 'spring.devtools.add-properties' to 'false' to disable
2021-04-25 22:12:26.869 [INFO ] org.springframework.boot.devtools.env.DevToolsPropertyDefaultsPostProcessor - For additional web related logging consider setting the 'logging.level.web' property to 'DEBUG'
2021-04-25 22:12:28.705 [INFO ] org.springframework.boot.web.embedded.tomcat.TomcatWebServer - Tomcat initialized with port(s): 8085 (http)
2021-04-25 22:12:28.716 [INFO ] org.apache.coyote.http11.Http11NioProtocol - Initializing ProtocolHandler ["http-nio-8085"]
2021-04-25 22:12:28.716 [INFO ] org.apache.catalina.core.StandardService - Starting service [Tomcat]
2021-04-25 22:12:28.716 [INFO ] org.apache.catalina.core.StandardEngine - Starting Servlet engine: [Apache Tomcat/9.0.31]
2021-04-25 22:12:28.842 [INFO ] org.apache.catalina.core.ContainerBase.[Tomcat].[localhost].[/] - Initializing Spring embedded WebApplicationContext
2021-04-25 22:12:28.842 [INFO ] org.springframework.web.context.ContextLoader - Root WebApplicationContext: initialization completed in 1973 ms
2021-04-25 22:12:29.399 [INFO ] springfox.documentation.spring.web.PropertySourcedRequestMappingHandlerMapping - Mapped URL path [/v2/api-docs] onto method [springfox.documentation.swagger2.web.Swagger2Controller#getDocumentation(String, HttpServletRequest)]
2021-04-25 22:12:29.632 [INFO ] org.springframework.scheduling.concurrent.ThreadPoolTaskExecutor - Initializing ExecutorService 'applicationTaskExecutor'
2021-04-25 22:12:29.695 [INFO ] org.springframework.boot.devtools.autoconfigure.OptionalLiveReloadServer - LiveReload server is running on port 35729
2021-04-25 22:12:29.829 [INFO ] springfox.documentation.spring.web.plugins.DocumentationPluginsBootstrapper - Context refreshed
2021-04-25 22:12:29.847 [INFO ] springfox.documentation.spring.web.plugins.DocumentationPluginsBootstrapper - Found 1 custom documentation plugin(s)
2021-04-25 22:12:29.874 [INFO ] springfox.documentation.spring.web.scanners.ApiListingReferenceScanner - Scanning for api listing references
2021-04-25 22:12:29.983 [INFO ] org.apache.coyote.http11.Http11NioProtocol - Starting ProtocolHandler ["http-nio-8085"]
2021-04-25 22:12:30.003 [INFO ] org.springframework.boot.web.embedded.tomcat.TomcatWebServer - Tomcat started on port(s): 8085 (http) with context path ''
2021-04-25 22:12:30.006 [INFO ] com.cmbc.controller.Application - Started Application in 4.029 seconds (JVM running for 7.62)
2021-04-25 22:13:03.563 [INFO ] org.apache.catalina.core.ContainerBase.[Tomcat].[localhost].[/] - Initializing Spring DispatcherServlet 'dispatcherServlet'
2021-04-25 22:13:03.563 [INFO ] org.springframework.web.servlet.DispatcherServlet - Initializing Servlet 'dispatcherServlet'
2021-04-25 22:13:03.570 [INFO ] org.springframework.web.servlet.DispatcherServlet - Completed initialization in 7 ms
2021-04-25 22:35:56.555 [INFO ] com.cmbc.controller.Application - Starting Application on DESKTOP-M6H55N3 with PID 22196 (D:\git_program\date_convert\target\classes started by chaof in D:\git_program\date_convert)
2021-04-25 22:35:56.557 [INFO ] com.cmbc.controller.Application - The following profiles are active: dev
2021-04-25 22:35:56.610 [INFO ] org.springframework.boot.devtools.env.DevToolsPropertyDefaultsPostProcessor - Devtools property defaults active! Set 'spring.devtools.add-properties' to 'false' to disable
2021-04-25 22:35:56.610 [INFO ] org.springframework.boot.devtools.env.DevToolsPropertyDefaultsPostProcessor - For additional web related logging consider setting the 'logging.level.web' property to 'DEBUG'
2021-04-25 22:35:57.926 [INFO ] org.springframework.boot.web.embedded.tomcat.TomcatWebServer - Tomcat initialized with port(s): 8085 (http)
2021-04-25 22:35:57.933 [INFO ] org.apache.coyote.http11.Http11NioProtocol - Initializing ProtocolHandler ["http-nio-8085"]
2021-04-25 22:35:57.934 [INFO ] org.apache.catalina.core.StandardService - Starting service [Tomcat]
2021-04-25 22:35:57.934 [INFO ] org.apache.catalina.core.StandardEngine - Starting Servlet engine: [Apache Tomcat/9.0.31]
2021-04-25 22:35:58.047 [INFO ] org.apache.catalina.core.ContainerBase.[Tomcat].[localhost].[/] - Initializing Spring embedded WebApplicationContext
2021-04-25 22:35:58.047 [INFO ] org.springframework.web.context.ContextLoader - Root WebApplicationContext: initialization completed in 1437 ms
2021-04-25 22:35:58.341 [INFO ] springfox.documentation.spring.web.PropertySourcedRequestMappingHandlerMapping - Mapped URL path [/v2/api-docs] onto method [springfox.documentation.swagger2.web.Swagger2Controller#getDocumentation(String, HttpServletRequest)]
2021-04-25 22:35:58.509 [INFO ] org.springframework.scheduling.concurrent.ThreadPoolTaskExecutor - Initializing ExecutorService 'applicationTaskExecutor'
2021-04-25 22:35:58.541 [INFO ] org.springframework.boot.devtools.autoconfigure.OptionalLiveReloadServer - LiveReload server is running on port 35729
2021-04-25 22:35:58.641 [INFO ] springfox.documentation.spring.web.plugins.DocumentationPluginsBootstrapper - Context refreshed
2021-04-25 22:35:58.655 [INFO ] springfox.documentation.spring.web.plugins.DocumentationPluginsBootstrapper - Found 1 custom documentation plugin(s)
2021-04-25 22:35:58.679 [INFO ] springfox.documentation.spring.web.scanners.ApiListingReferenceScanner - Scanning for api listing references
2021-04-25 22:35:58.838 [INFO ] org.apache.coyote.http11.Http11NioProtocol - Starting ProtocolHandler ["http-nio-8085"]
2021-04-25 22:35:58.858 [INFO ] org.springframework.boot.web.embedded.tomcat.TomcatWebServer - Tomcat started on port(s): 8085 (http) with context path ''
2021-04-25 22:35:58.861 [INFO ] com.cmbc.controller.Application - Started Application in 2.907 seconds (JVM running for 6.297)
2021-04-25 22:36:11.000 [INFO ] org.apache.catalina.core.ContainerBase.[Tomcat].[localhost].[/] - Initializing Spring DispatcherServlet 'dispatcherServlet'
2021-04-25 22:36:11.000 [INFO ] org.springframework.web.servlet.DispatcherServlet - Initializing Servlet 'dispatcherServlet'
2021-04-25 22:36:11.006 [INFO ] org.springframework.web.servlet.DispatcherServlet - Completed initialization in 6 ms
2021-04-25 22:37:26.942 [INFO ] com.cmbc.controller.Application - Starting Application on DESKTOP-M6H55N3 with PID 26832 (D:\git_program\date_convert\target\classes started by chaof in D:\git_program\date_convert)
2021-04-25 22:37:26.943 [INFO ] com.cmbc.controller.Application - The following profiles are active: dev
2021-04-25 22:37:26.989 [INFO ] org.springframework.boot.devtools.env.DevToolsPropertyDefaultsPostProcessor - Devtools property defaults active! Set 'spring.devtools.add-properties' to 'false' to disable
2021-04-25 22:37:26.989 [INFO ] org.springframework.boot.devtools.env.DevToolsPropertyDefaultsPostProcessor - For additional web related logging consider setting the 'logging.level.web' property to 'DEBUG'
2021-04-25 22:37:28.487 [INFO ] org.springframework.boot.web.embedded.tomcat.TomcatWebServer - Tomcat initialized with port(s): 8085 (http)
2021-04-25 22:37:28.500 [INFO ] org.apache.coyote.http11.Http11NioProtocol - Initializing ProtocolHandler ["http-nio-8085"]
2021-04-25 22:37:28.501 [INFO ] org.apache.catalina.core.StandardService - Starting service [Tomcat]
2021-04-25 22:37:28.502 [INFO ] org.apache.catalina.core.StandardEngine - Starting Servlet engine: [Apache Tomcat/9.0.31]
2021-04-25 22:37:28.647 [INFO ] org.apache.catalina.core.ContainerBase.[Tomcat].[localhost].[/] - Initializing Spring embedded WebApplicationContext
2021-04-25 22:37:28.648 [INFO ] org.springframework.web.context.ContextLoader - Root WebApplicationContext: initialization completed in 1659 ms
2021-04-25 22:37:29.071 [INFO ] springfox.documentation.spring.web.PropertySourcedRequestMappingHandlerMapping - Mapped URL path [/v2/api-docs] onto method [springfox.documentation.swagger2.web.Swagger2Controller#getDocumentation(String, HttpServletRequest)]
2021-04-25 22:37:29.208 [INFO ] org.springframework.scheduling.concurrent.ThreadPoolTaskExecutor - Initializing ExecutorService 'applicationTaskExecutor'
2021-04-25 22:37:29.239 [INFO ] org.springframework.boot.devtools.autoconfigure.OptionalLiveReloadServer - LiveReload server is running on port 35729
2021-04-25 22:37:29.372 [INFO ] springfox.documentation.spring.web.plugins.DocumentationPluginsBootstrapper - Context refreshed
2021-04-25 22:37:29.391 [INFO ] springfox.documentation.spring.web.plugins.DocumentationPluginsBootstrapper - Found 1 custom documentation plugin(s)
2021-04-25 22:37:29.422 [INFO ] springfox.documentation.spring.web.scanners.ApiListingReferenceScanner - Scanning for api listing references
2021-04-25 22:37:29.616 [INFO ] org.apache.coyote.http11.Http11NioProtocol - Starting ProtocolHandler ["http-nio-8085"]
2021-04-25 22:37:29.638 [INFO ] org.springframework.boot.web.embedded.tomcat.TomcatWebServer - Tomcat started on port(s): 8085 (http) with context path ''
2021-04-25 22:37:29.641 [INFO ] com.cmbc.controller.Application - Started Application in 3.331 seconds (JVM running for 7.882)
2021-04-25 22:37:38.277 [INFO ] org.apache.catalina.core.ContainerBase.[Tomcat].[localhost].[/] - Initializing Spring DispatcherServlet 'dispatcherServlet'
2021-04-25 22:37:38.277 [INFO ] org.springframework.web.servlet.DispatcherServlet - Initializing Servlet 'dispatcherServlet'
2021-04-25 22:37:38.283 [INFO ] org.springframework.web.servlet.DispatcherServlet - Completed initialization in 6 ms
2021-04-25 23:01:34.348 [INFO ] org.springframework.scheduling.concurrent.ThreadPoolTaskExecutor - Shutting down ExecutorService 'applicationTaskExecutor'
2021-04-25 23:01:47.242 [INFO ] com.cmbc.controller.Application - Starting Application on DESKTOP-M6H55N3 with PID 17504 (D:\git_program\date_convert\target\classes started by chaof in D:\git_program\date_convert)
2021-04-25 23:01:47.244 [INFO ] com.cmbc.controller.Application - The following profiles are active: dev
2021-04-25 23:01:47.291 [INFO ] org.springframework.boot.devtools.env.DevToolsPropertyDefaultsPostProcessor - Devtools property defaults active! Set 'spring.devtools.add-properties' to 'false' to disable
2021-04-25 23:01:47.291 [INFO ] org.springframework.boot.devtools.env.DevToolsPropertyDefaultsPostProcessor - For additional web related logging consider setting the 'logging.level.web' property to 'DEBUG'
2021-04-25 23:01:48.680 [INFO ] org.springframework.boot.web.embedded.tomcat.TomcatWebServer - Tomcat initialized with port(s): 8085 (http)
2021-04-25 23:01:48.693 [INFO ] org.apache.coyote.http11.Http11NioProtocol - Initializing ProtocolHandler ["http-nio-8085"]
2021-04-25 23:01:48.694 [INFO ] org.apache.catalina.core.StandardService - Starting service [Tomcat]
2021-04-25 23:01:48.695 [INFO ] org.apache.catalina.core.StandardEngine - Starting Servlet engine: [Apache Tomcat/9.0.31]
2021-04-25 23:01:48.853 [INFO ] org.apache.catalina.core.ContainerBase.[Tomcat].[localhost].[/] - Initializing Spring embedded WebApplicationContext
2021-04-25 23:01:48.853 [INFO ] org.springframework.web.context.ContextLoader - Root WebApplicationContext: initialization completed in 1562 ms
2021-04-25 23:01:49.255 [INFO ] springfox.documentation.spring.web.PropertySourcedRequestMappingHandlerMapping - Mapped URL path [/v2/api-docs] onto method [springfox.documentation.swagger2.web.Swagger2Controller#getDocumentation(String, HttpServletRequest)]
2021-04-25 23:01:49.404 [INFO ] org.springframework.scheduling.concurrent.ThreadPoolTaskExecutor - Initializing ExecutorService 'applicationTaskExecutor'
2021-04-25 23:01:49.565 [INFO ] org.springframework.boot.devtools.autoconfigure.OptionalLiveReloadServer - LiveReload server is running on port 35729
2021-04-25 23:01:49.738 [INFO ] springfox.documentation.spring.web.plugins.DocumentationPluginsBootstrapper - Context refreshed
2021-04-25 23:01:49.785 [INFO ] springfox.documentation.spring.web.plugins.DocumentationPluginsBootstrapper - Found 1 custom documentation plugin(s)
2021-04-25 23:01:49.891 [INFO ] springfox.documentation.spring.web.scanners.ApiListingReferenceScanner - Scanning for api listing references
2021-04-25 23:01:50.202 [INFO ] org.apache.coyote.http11.Http11NioProtocol - Starting ProtocolHandler ["http-nio-8085"]
2021-04-25 23:01:50.237 [INFO ] org.springframework.boot.web.embedded.tomcat.TomcatWebServer - Tomcat started on port(s): 8085 (http) with context path ''
2021-04-25 23:01:50.242 [INFO ] com.cmbc.controller.Application - Started Application in 3.792 seconds (JVM running for 7.648)
2021-04-25 23:02:01.492 [INFO ] org.apache.catalina.core.ContainerBase.[Tomcat].[localhost].[/] - Initializing Spring DispatcherServlet 'dispatcherServlet'
2021-04-25 23:02:01.493 [INFO ] org.springframework.web.servlet.DispatcherServlet - Initializing Servlet 'dispatcherServlet'
2021-04-25 23:02:01.500 [INFO ] org.springframework.web.servlet.DispatcherServlet - Completed initialization in 7 ms
2021-04-25 23:02:49.442 [INFO ] org.springframework.scheduling.concurrent.ThreadPoolTaskExecutor - Shutting down ExecutorService 'applicationTaskExecutor'
